<?xml version="1.0" encoding="UTF-8"?>
<!-- Generated by org.testng.reporters.JUnitReportReporter -->
<testsuite hostname="Emarson" name="org.runner.SampleClass" tests="1" failures="0" timestamp="6 Mar 2023 13:00:30 GMT" time="5.678" errors="0">
  <testcase name="addExcelDetails" time="5.678" classname="org.runner.SampleClass"/>
</testsuite> <!-- org.runner.SampleClass -->
