<?xml version="1.0" encoding="UTF-8"?>
<!-- Generated by org.testng.reporters.JUnitReportReporter -->
<testsuite hostname="Emarson" failures="0" tests="1" name="org.runner.RunnerClass" time="117.510" errors="0" timestamp="27 May 2023 13:21:30 GMT">
  <testcase classname="org.runner.RunnerClass" name="assignDoctor" time="117.510"/>
</testsuite> <!-- org.runner.RunnerClass -->
