<?xml version="1.0" encoding="UTF-8"?>
<!-- Generated by org.testng.reporters.JUnitReportReporter -->
<testsuite hostname="Thanushkaran" name="org.runner.MastersCreation" tests="1" failures="0" timestamp="16 May 2023 12:33:58 GMT" time="53.146" errors="0">
  <testcase name="healthInsurance" time="53.146" classname="org.runner.MastersCreation"/>
</testsuite> <!-- org.runner.MastersCreation -->
