<?xml version="1.0" encoding="UTF-8"?>
<!-- Generated by org.testng.reporters.JUnitReportReporter -->
<testsuite hostname="Emarson" failures="0" tests="2" name="org.runner.UserCreation" time="45.335" errors="0" timestamp="16 Jul 2023 14:03:46 GMT">
  <testcase classname="org.runner.UserCreation" name="passwordSuccess" time="30.105"/>
  <testcase classname="org.runner.UserCreation" name="verificationLinkExpiry" time="15.230"/>
</testsuite> <!-- org.runner.UserCreation -->
