<?xml version="1.0" encoding="UTF-8"?>
<!-- Generated by org.testng.reporters.JUnitReportReporter -->
<testsuite hostname="Emarson" failures="0" tests="1" name="org.base.Configurations" time="8.234" errors="0" timestamp="1 Jun 2023 12:34:02 GMT">
  <testcase classname="org.base.Configurations" name="addExcelDetails" time="8.234"/>
</testsuite> <!-- org.base.Configurations -->
