<?xml version="1.0" encoding="UTF-8"?>
<!-- Generated by org.testng.reporters.JUnitReportReporter -->
<testsuite hostname="Emarson" failures="0" tests="1" name="org.runner.RunnerClass" time="70.331" errors="0" timestamp="14 Jul 2023 14:32:03 GMT">
  <testcase classname="org.runner.RunnerClass" name="usercreationDoctor" time="70.331"/>
</testsuite> <!-- org.runner.RunnerClass -->
