<?xml version="1.0" encoding="UTF-8"?>
<!-- Generated by org.testng.reporters.JUnitReportReporter -->
<testsuite hostname="Emarson" failures="0" tests="1" name="org.base.Configurations" time="8.456" errors="0" timestamp="14 Jul 2023 11:38:21 GMT">
  <testcase classname="org.base.Configurations" name="addExcelDetails" time="8.456"/>
</testsuite> <!-- org.base.Configurations -->
