<?xml version="1.0" encoding="UTF-8"?>
<!-- Generated by org.testng.reporters.JUnitReportReporter -->
<testsuite hostname="Emarson" failures="0" tests="1" name="org.runner.RunnerClass" time="114.620" errors="0" timestamp="1 Jun 2023 12:36:19 GMT">
  <testcase classname="org.runner.RunnerClass" name="usercreationDoctor" time="114.620"/>
</testsuite> <!-- org.runner.RunnerClass -->
