<?xml version="1.0" encoding="UTF-8"?>
<!-- Generated by org.testng.reporters.JUnitReportReporter -->
<testsuite hostname="Emarson" failures="0" tests="1" name="org.base.Configurations" time="4.407" errors="0" timestamp="27 May 2023 07:10:55 GMT">
  <testcase classname="org.base.Configurations" name="addExcelDetails" time="4.407"/>
</testsuite> <!-- org.base.Configurations -->
