<?xml version="1.0" encoding="UTF-8"?>
<!-- Generated by org.testng.reporters.JUnitReportReporter -->
<testsuite hostname="Emarson" name="org.runner.RunnerClass" tests="5" failures="0" timestamp="3 Mar 2023 09:08:24 GMT" time="348.391" errors="0">
  <testcase name="veteranActive" time="67.949" classname="org.runner.RunnerClass"/>
  <testcase name="familymemberActive" time="70.569" classname="org.runner.RunnerClass"/>
  <testcase name="veteranOnboarding" time="107.126" classname="org.runner.RunnerClass"/>
  <testcase name="doctorApproval" time="41.410" classname="org.runner.RunnerClass"/>
  <testcase name="enquirypage" time="61.337" classname="org.runner.RunnerClass"/>
</testsuite> <!-- org.runner.RunnerClass -->
