<?xml version="1.0" encoding="UTF-8"?>
<!-- Generated by org.testng.reporters.JUnitReportReporter -->
<testsuite hostname="Emarson" name="org.runner.SampleClass" tests="1" failures="0" timestamp="27 Feb 2023 14:37:41 GMT" time="3.508" errors="0">
  <testcase name="tc1" time="3.508" classname="org.runner.SampleClass"/>
</testsuite> <!-- org.runner.SampleClass -->
