<?xml version="1.0" encoding="UTF-8"?>
<!-- Generated by org.testng.reporters.JUnitReportReporter -->
<testsuite hostname="Emarson" failures="0" tests="2" name="org.runner.SampleClass" time="73.767" errors="0" timestamp="11 May 2023 12:21:43 GMT">
  <testcase classname="org.runner.SampleClass" name="requestAppointmentByCaregiver" time="73.759"/>
  <testcase classname="org.runner.SampleClass" name="tc2" time="0.008"/>
</testsuite> <!-- org.runner.SampleClass -->
