<?xml version="1.0" encoding="UTF-8"?>
<!-- Generated by org.testng.reporters.JUnitReportReporter -->
<testsuite hostname="Emarson" name="org.runner.RunnerClass" tests="1" failures="0" timestamp="27 Feb 2023 13:22:27 GMT" time="89.520" errors="0">
  <testcase name="usercreationCP" time="89.520" classname="org.runner.RunnerClass"/>
</testsuite> <!-- org.runner.RunnerClass -->
