<?xml version="1.0" encoding="UTF-8"?>
<!-- Generated by org.testng.reporters.JUnitReportReporter -->
<testsuite hostname="Emarson" failures="0" tests="2" name="org.runner.SampleClass" time="52.164" errors="0" timestamp="12 May 2023 05:22:09 GMT">
  <testcase classname="org.runner.SampleClass" name="tc2" time="0.021"/>
  <testcase classname="org.runner.SampleClass" name="upcomingAppointmentCancelByDoctor" time="52.143"/>
</testsuite> <!-- org.runner.SampleClass -->
