<?xml version="1.0" encoding="UTF-8"?>
<!-- Generated by org.testng.reporters.JUnitReportReporter -->
<testsuite hostname="Emarson" failures="0" tests="1" name="org.runner.SampleClass" time="25.345" errors="0" timestamp="14 May 2023 16:00:03 GMT">
  <testcase classname="org.runner.SampleClass" name="Masters" time="25.345"/>
</testsuite> <!-- org.runner.SampleClass -->
