<?xml version="1.0" encoding="UTF-8"?>
<!-- Generated by org.testng.reporters.JUnitReportReporter -->
<testsuite hostname="Emarson" failures="0" tests="1" name="org.runner.SampleClass" time="0.017" errors="0" timestamp="2 Jun 2023 04:59:37 GMT">
  <testcase classname="org.runner.SampleClass" name="tc3" time="0.017"/>
</testsuite> <!-- org.runner.SampleClass -->
