<?xml version="1.0" encoding="UTF-8"?>
<!-- Generated by org.testng.reporters.JUnitReportReporter -->
<testsuite hostname="Emarson" failures="0" tests="1" name="org.runner.SampleClass" time="0.126" errors="0" timestamp="30 May 2023 06:12:47 GMT">
  <testcase classname="org.runner.SampleClass" name="tc3" time="0.126"/>
</testsuite> <!-- org.runner.SampleClass -->
