<?xml version="1.0" encoding="UTF-8"?>
<!-- Generated by org.testng.reporters.JUnitReportReporter -->
<testsuite hostname="Emarson" name="org.base.Configurations" tests="1" failures="0" timestamp="6 Mar 2023 13:01:19 GMT" time="6.142" errors="0">
  <testcase name="addExcelDetails" time="6.142" classname="org.base.Configurations"/>
</testsuite> <!-- org.base.Configurations -->
