<?xml version="1.0" encoding="UTF-8"?>
<!-- Generated by org.testng.reporters.JUnitReportReporter -->
<testsuite hostname="Emarson" failures="0" tests="7" name="org.runner.Login" time="168.181" errors="0" timestamp="15 Jul 2023 10:45:41 GMT">
  <testcase classname="org.runner.Login" name="userInactive" time="23.833"/>
  <testcase classname="org.runner.Login" name="forgotPasswordValidations" time="20.110"/>
  <testcase classname="org.runner.Login" name="mailValidation" time="28.149"/>
  <testcase classname="org.runner.Login" name="inactiveUserLogin" time="13.360"/>
  <testcase classname="org.runner.Login" name="loginSuccess" time="18.100"/>
  <testcase classname="org.runner.Login" name="loginValidations" time="48.386"/>
  <testcase classname="org.runner.Login" name="forgotPassword" time="16.243"/>
</testsuite> <!-- org.runner.Login -->
