<?xml version="1.0" encoding="UTF-8"?>
<!-- Generated by org.testng.reporters.JUnitReportReporter -->
<testsuite hostname="Emarson" failures="0" tests="1" name="org.runner.SampleClass" time="8.853" errors="0" timestamp="27 May 2023 11:10:22 GMT">
  <testcase classname="org.runner.SampleClass" name="tc3" time="8.853"/>
</testsuite> <!-- org.runner.SampleClass -->
