<?xml version="1.0" encoding="UTF-8"?>
<!-- Generated by org.testng.reporters.JUnitReportReporter -->
<testsuite hostname="Emarson" failures="0" tests="1" name="org.runner.RunnerClass" time="60.739" errors="0" timestamp="30 May 2023 14:07:43 GMT">
  <testcase classname="org.runner.RunnerClass" name="veteranProfileUpdate" time="60.739"/>
</testsuite> <!-- org.runner.RunnerClass -->
