<?xml version="1.0" encoding="UTF-8"?>
<!-- Generated by org.testng.reporters.JUnitReportReporter -->
<testsuite hostname="Emarson" failures="0" tests="1" name="org.runner.ChangePassword" time="25.112" errors="0" timestamp="16 Jul 2023 16:39:24 GMT">
  <testcase classname="org.runner.ChangePassword" name="passwordHistory" time="25.112"/>
</testsuite> <!-- org.runner.ChangePassword -->
