<?xml version="1.0" encoding="UTF-8"?>
<!-- Generated by org.testng.reporters.JUnitReportReporter -->
<testsuite hostname="Emarson" failures="0" tests="1" name="org.runner.SampleClass" time="4.131" errors="0" timestamp="16 May 2023 10:35:57 GMT">
  <testcase classname="org.runner.SampleClass" name="tc2" time="4.131"/>
</testsuite> <!-- org.runner.SampleClass -->
