<?xml version="1.0" encoding="UTF-8"?>
<!-- Generated by org.testng.reporters.JUnitReportReporter -->
<testsuite hostname="Emarson" failures="0" tests="1" name="org.base.Configurations" time="5.045" errors="0" timestamp="14 May 2023 05:01:39 GMT">
  <testcase classname="org.base.Configurations" name="addExcelDetails" time="5.045"/>
</testsuite> <!-- org.base.Configurations -->
