<?xml version="1.0" encoding="UTF-8"?>
<!-- Generated by org.testng.reporters.JUnitReportReporter -->
<testsuite hostname="Emarson" failures="0" tests="2" name="org.runner.RunnerClass" time="118.523" errors="0" timestamp="30 May 2023 08:31:05 GMT">
  <testcase classname="org.runner.RunnerClass" name="requestAppointmentCancelByVeteran" time="71.205"/>
  <testcase classname="org.runner.RunnerClass" name="requestAppointmentCancelByCaregiver" time="47.318"/>
</testsuite> <!-- org.runner.RunnerClass -->
